   -  - 
   -  - 
   -  - 
   -  - 
   -  - 
   -  - 
   -  - 
   -  - 
   -  - 
   -  - 
   -  - 
   -  - 
   -  - 
   -  - 
2018-12-07 15:30:56.7463|INFO|Splitio.Services.SplitFetcher.Classes.SelfRefreshingSplitFetcher|Added features: FastTrackREL02 - FastTrackDec2018 - FastTrackPhase1 - split_claim_deposit - FastTrackNewRatePage - agent_ab_ff - react-test2 - react_test_split - react-ab-testing - split_state_based - date_based_ff - combination_ff - state_based_ff - licensed_agent_ff - value_based_ff - split_claim_notification_sms - split_claim_notification_type - split-2 - sample_feature
2018-12-07 15:30:56.8265|INFO|Splitio.Services.SplitFetcher.Classes.SelfRefreshingSplitFetcher|split fetch before: -1, after: 1544144617082
2018-12-07 15:30:57.1161|INFO|Splitio.Services.Client.Classes.InMemoryReadinessGatesCache|Segments are ready
2018-12-07 15:30:57.1161|INFO|Splitio.Services.Client.Classes.InMemoryReadinessGatesCache|Splits are ready
2018-12-07 15:30:57.1376|INFO|Splitio.Services.SplitFetcher.Classes.SelfRefreshingSplitFetcher|split fetch before: 1544144617082, after: 1544144617082
2018-12-07 15:30:57.1376|INFO|Splitio.Services.Client.Classes.InMemoryReadinessGatesCache|Segments are ready
2018-12-07 15:30:57.9420|INFO|AsynchronousImpressionListener|Splitio.Services.Impressions.Classes.SelfUpdatingTreatmentLog took 0 milliseconds
2020-06-30 12:53:15.5486|DEBUG|Splitio.Services.Common.Synchronizer|Starting push mode...
2020-06-30 12:53:15.6370|DEBUG|Splitio.Services.Common.Synchronizer|Periodic Data Recording started...
2020-06-30 12:53:16.4140|DEBUG|Splitio.Services.Common.AuthApiClient|Success connection to: https://auth.split.io/api/auth
2020-06-30 12:53:16.6177|DEBUG|Splitio.Services.Common.PushManager|Auth service response pushEnabled: False.
2020-06-30 12:53:16.6304|DEBUG|Splitio.Services.EventSource.SSEHandler|SSE Handler Stop: Object reference not set to an instance of an object.
2020-06-30 12:53:16.6649|DEBUG|Splitio.Services.SplitFetcher.Classes.SelfRefreshingSplitFetcher|Added features: clients - name1234567890123456789012345678901234567890123456after - clients_on - correct_data_split - config_test_split - diiff_treatment_names_split - no_treatment_split - one_treatment_split - no_rule_split - percentage_less_100_split - sample_feature - front_end_choose_boxes - show_coupon - SplitDemoInstance_ShowMoreInfo_Anonymous - SplitDemoInstance_ShowMoreInfo - SplitDemoInstance_DiscountCoupon - SplitDemoInstance_DiscountCoupon_Anonymous - SplitDemoInstance_SpaPackage_Anonymous - SplitDemoInstance_SpaPackage
2020-06-30 12:53:16.6792|DEBUG|Splitio.Services.Common.Synchronizer|Spltis and Segments fetchers started...
2020-06-30 12:53:16.6808|DEBUG|Splitio.Services.SplitFetcher.Classes.SelfRefreshingSplitFetcher|split fetch before: -1, after: 1593108351583
2020-06-30 12:53:18.9934|DEBUG|Splitio.Services.Client.Classes.InMemoryReadinessGatesCache|Splits are ready in 3980 milliseconds
2020-06-30 12:53:18.9934|DEBUG|Splitio.Services.SplitFetcher.Classes.SelfRefreshingSplitFetcher|split fetch before: 1593108351583, after: 1593108351583
2020-06-30 12:53:18.9934|DEBUG|Splitio.Services.Client.Classes.InMemoryReadinessGatesCache|Segments are ready in 3981 milliseconds
2020-06-30 12:53:19.0204|DEBUG|Splitio.Services.Client.Classes.InMemoryReadinessGatesCache|Segments are ready in 3981 milliseconds
2020-06-30 12:53:19.0204|DEBUG|Splitio.Services.SplitFetcher.Classes.SelfRefreshingSplitFetcher|split fetch before: 1593108351583, after: 1593108351583
2020-06-30 12:53:19.0455|DEBUG|Splitio.Services.Common.Synchronizer|Spltis and Segments synchronized...
2020-06-30 12:53:19.0753|DEBUG|Splitio.Services.Common.Synchronizer|Spltis and Segments fetchers stoped...
2020-06-30 12:53:19.2300|DEBUG|Splitio.Services.Common.Synchronizer|Periodic Data Recording stoped...
2020-06-30 12:53:19.2442|DEBUG|Splitio.Services.EventSource.SSEHandler|SSE Handler Stop: Object reference not set to an instance of an object.
2020-06-30 12:53:19.2650|DEBUG|Splitio.Services.Common.Synchronizer|Spltis and Segments fetchers started...
2020-06-30 12:53:19.2962|DEBUG|Splitio.Services.Common.Synchronizer|Starting push mode...
2020-06-30 12:53:19.2650|DEBUG|Splitio.Services.Client.Classes.InMemoryReadinessGatesCache|Segments are ready in 3981 milliseconds
2020-06-30 12:53:19.3593|DEBUG|Splitio.Services.Common.Synchronizer|Periodic Data Recording started...
2020-06-30 12:53:19.4409|DEBUG|Splitio.Services.SplitFetcher.Classes.SelfRefreshingSplitFetcher|Added features: clients - name1234567890123456789012345678901234567890123456after - clients_on - correct_data_split - config_test_split - diiff_treatment_names_split - no_treatment_split - one_treatment_split - no_rule_split - percentage_less_100_split - sample_feature - front_end_choose_boxes - show_coupon - SplitDemoInstance_ShowMoreInfo_Anonymous - SplitDemoInstance_ShowMoreInfo - SplitDemoInstance_DiscountCoupon - SplitDemoInstance_DiscountCoupon_Anonymous - SplitDemoInstance_SpaPackage_Anonymous - SplitDemoInstance_SpaPackage
2020-06-30 12:53:19.4499|DEBUG|Splitio.Services.SplitFetcher.Classes.SelfRefreshingSplitFetcher|split fetch before: -1, after: 1593108351583
2020-06-30 12:53:19.4707|DEBUG|Splitio.Services.Client.Classes.InMemoryReadinessGatesCache|Segments are ready in 3981 milliseconds
2020-06-30 12:53:19.4793|DEBUG|Splitio.Services.Client.Classes.InMemoryReadinessGatesCache|Splits are ready in 186 milliseconds
2020-06-30 12:53:19.4982|DEBUG|Splitio.Services.SplitFetcher.Classes.SelfRefreshingSplitFetcher|split fetch before: 1593108351583, after: 1593108351583
2020-06-30 12:53:19.4982|DEBUG|Splitio.Services.Common.Synchronizer|Spltis and Segments synchronized...
2020-06-30 12:53:19.4793|DEBUG|Splitio.Services.Client.Classes.InMemoryReadinessGatesCache|Segments are ready in 186 milliseconds
2020-06-30 12:53:19.5198|DEBUG|Splitio.Services.Client.Classes.InMemoryReadinessGatesCache|Segments are ready in 186 milliseconds
2020-06-30 12:53:19.5271|DEBUG|Splitio.Services.Common.Synchronizer|Spltis and Segments fetchers stoped...
2020-06-30 12:53:19.5271|DEBUG|Splitio.Services.Common.Synchronizer|Periodic Data Recording stoped...
2020-06-30 12:53:19.5478|DEBUG|Splitio.Services.EventSource.SSEHandler|SSE Handler Stop: Object reference not set to an instance of an object.
2020-06-30 12:53:19.5583|DEBUG|Splitio.Services.Client.Classes.InMemoryReadinessGatesCache|Segments are ready in 186 milliseconds
2020-06-30 12:53:19.5583|DEBUG|Splitio.Services.Common.Synchronizer|Spltis and Segments fetchers started...
2020-06-30 12:53:19.6282|DEBUG|Splitio.Services.Common.AuthApiClient|Success connection to: https://auth.split.io/api/auth
2020-06-30 12:53:19.6380|DEBUG|Splitio.Services.Common.PushManager|Auth service response pushEnabled: False.
2020-06-30 12:53:19.6485|DEBUG|Splitio.Services.EventSource.SSEHandler|SSE Handler Stop: Object reference not set to an instance of an object.
2020-06-30 12:53:19.6485|DEBUG|Splitio.Services.Common.Synchronizer|Spltis and Segments fetchers started...
2020-06-30 12:53:19.6639|ERROR|Splitio.Services.Metrics.Classes.MetricsSdkApiClient|Http status executing SendGaugeMetrics: BadRequest - {"code":400,"message":"Unable to process JSON"}
2020-06-30 12:53:19.8600|ERROR|Splitio.Services.Metrics.Classes.MetricsSdkApiClient|Http status executing SendGaugeMetrics: BadRequest - {"code":400,"message":"Unable to process JSON"}
2020-06-30 12:54:04.2894|DEBUG|Splitio.Services.Common.Synchronizer|Starting push mode...
2020-06-30 12:54:04.4983|DEBUG|Splitio.Services.Common.Synchronizer|Periodic Data Recording started...
2020-06-30 12:54:05.1915|DEBUG|Splitio.Services.Common.AuthApiClient|Success connection to: https://auth.split.io/api/auth
2020-06-30 12:54:05.2561|DEBUG|Splitio.Services.Common.PushManager|Auth service response pushEnabled: False.
2020-06-30 12:54:05.2561|DEBUG|Splitio.Services.EventSource.SSEHandler|SSE Handler Stop: Object reference not set to an instance of an object.
2020-06-30 12:54:05.2776|DEBUG|Splitio.Services.Common.Synchronizer|Spltis and Segments fetchers started...
2020-06-30 12:54:05.2895|DEBUG|Splitio.Services.SplitFetcher.Classes.SelfRefreshingSplitFetcher|Added features: clients - name1234567890123456789012345678901234567890123456after - clients_on - correct_data_split - config_test_split - diiff_treatment_names_split - no_treatment_split - one_treatment_split - no_rule_split - percentage_less_100_split - sample_feature - front_end_choose_boxes - show_coupon - SplitDemoInstance_ShowMoreInfo_Anonymous - SplitDemoInstance_ShowMoreInfo - SplitDemoInstance_DiscountCoupon - SplitDemoInstance_DiscountCoupon_Anonymous - SplitDemoInstance_SpaPackage_Anonymous - SplitDemoInstance_SpaPackage
2020-06-30 12:54:05.2951|DEBUG|Splitio.Services.SplitFetcher.Classes.SelfRefreshingSplitFetcher|split fetch before: -1, after: 1593108351583
2020-06-30 12:54:05.9014|DEBUG|Splitio.Services.Client.Classes.InMemoryReadinessGatesCache|Splits are ready in 2657 milliseconds
2020-06-30 12:54:05.9014|DEBUG|Splitio.Services.Client.Classes.InMemoryReadinessGatesCache|Segments are ready in 2657 milliseconds
2020-06-30 12:54:05.9062|DEBUG|Splitio.Services.SplitFetcher.Classes.SelfRefreshingSplitFetcher|split fetch before: 1593108351583, after: 1593108351583
2020-06-30 12:54:05.9182|DEBUG|Splitio.Services.Client.Classes.InMemoryReadinessGatesCache|Segments are ready in 2657 milliseconds
2020-06-30 12:54:05.9274|DEBUG|Splitio.Services.SplitFetcher.Classes.SelfRefreshingSplitFetcher|split fetch before: 1593108351583, after: 1593108351583
2020-06-30 12:54:05.9513|DEBUG|Splitio.Services.Common.Synchronizer|Spltis and Segments synchronized...
2020-06-30 12:54:05.9637|DEBUG|Splitio.Services.Common.Synchronizer|Spltis and Segments fetchers stoped...
2020-06-30 12:54:06.0567|DEBUG|Splitio.Services.Common.Synchronizer|Periodic Data Recording stoped...
2020-06-30 12:54:06.0567|DEBUG|Splitio.Services.EventSource.SSEHandler|SSE Handler Stop: Object reference not set to an instance of an object.
2020-06-30 12:54:06.0659|DEBUG|Splitio.Services.Common.Synchronizer|Spltis and Segments fetchers started...
2020-06-30 12:54:06.0659|DEBUG|Splitio.Services.Common.Synchronizer|Starting push mode...
2020-06-30 12:54:06.0779|DEBUG|Splitio.Services.Client.Classes.InMemoryReadinessGatesCache|Segments are ready in 2657 milliseconds
2020-06-30 12:54:06.0779|DEBUG|Splitio.Services.Common.Synchronizer|Periodic Data Recording started...
2020-06-30 12:54:06.1201|DEBUG|Splitio.Services.SplitFetcher.Classes.SelfRefreshingSplitFetcher|Added features: clients - name1234567890123456789012345678901234567890123456after - clients_on - correct_data_split - config_test_split - diiff_treatment_names_split - no_treatment_split - one_treatment_split - no_rule_split - percentage_less_100_split - sample_feature - front_end_choose_boxes - show_coupon - SplitDemoInstance_ShowMoreInfo_Anonymous - SplitDemoInstance_ShowMoreInfo - SplitDemoInstance_DiscountCoupon - SplitDemoInstance_DiscountCoupon_Anonymous - SplitDemoInstance_SpaPackage_Anonymous - SplitDemoInstance_SpaPackage
2020-06-30 12:54:06.1245|DEBUG|Splitio.Services.SplitFetcher.Classes.SelfRefreshingSplitFetcher|split fetch before: -1, after: 1593108351583
2020-06-30 12:54:06.1390|DEBUG|Splitio.Services.Client.Classes.InMemoryReadinessGatesCache|Splits are ready in 102 milliseconds
2020-06-30 12:54:06.1442|DEBUG|Splitio.Services.SplitFetcher.Classes.SelfRefreshingSplitFetcher|split fetch before: 1593108351583, after: 1593108351583
2020-06-30 12:54:06.1390|DEBUG|Splitio.Services.Client.Classes.InMemoryReadinessGatesCache|Segments are ready in 102 milliseconds
2020-06-30 12:54:06.1442|DEBUG|Splitio.Services.Client.Classes.InMemoryReadinessGatesCache|Segments are ready in 102 milliseconds
2020-06-30 12:54:06.1584|DEBUG|Splitio.Services.Common.Synchronizer|Spltis and Segments fetchers stoped...
2020-06-30 12:54:06.1442|DEBUG|Splitio.Services.Common.Synchronizer|Spltis and Segments synchronized...
2020-06-30 12:54:06.1704|DEBUG|Splitio.Services.Common.Synchronizer|Periodic Data Recording stoped...
2020-06-30 12:54:06.1954|DEBUG|Splitio.Services.EventSource.SSEHandler|SSE Handler Stop: Object reference not set to an instance of an object.
2020-06-30 12:54:06.2058|DEBUG|Splitio.Services.Common.Synchronizer|Spltis and Segments fetchers started...
2020-06-30 12:54:06.2058|DEBUG|Splitio.Services.Client.Classes.InMemoryReadinessGatesCache|Segments are ready in 2657 milliseconds
2020-06-30 12:54:06.2058|DEBUG|Splitio.Services.Client.Classes.InMemoryReadinessGatesCache|Segments are ready in 102 milliseconds
2020-06-30 12:54:06.2425|DEBUG|Splitio.Services.Common.AuthApiClient|Success connection to: https://auth.split.io/api/auth
2020-06-30 12:54:06.2494|DEBUG|Splitio.Services.Common.PushManager|Auth service response pushEnabled: False.
2020-06-30 12:54:06.2567|DEBUG|Splitio.Services.EventSource.SSEHandler|SSE Handler Stop: Object reference not set to an instance of an object.
2020-06-30 12:54:06.2567|DEBUG|Splitio.Services.Common.Synchronizer|Spltis and Segments fetchers started...
2020-06-30 12:54:06.3575|ERROR|Splitio.Services.Metrics.Classes.MetricsSdkApiClient|Http status executing SendGaugeMetrics: BadRequest - {"code":400,"message":"Unable to process JSON"}
2020-06-30 12:54:06.9031|DEBUG|Splitio.Services.Client.Classes.InMemoryReadinessGatesCache|Segments are ready in 102 milliseconds
2020-06-30 12:56:20.0734|DEBUG|Splitio.Services.Common.Synchronizer|Starting push mode...
2020-06-30 12:56:20.3628|DEBUG|Splitio.Services.Common.Synchronizer|Periodic Data Recording started...
2020-06-30 12:56:21.5352|DEBUG|Splitio.Services.Common.AuthApiClient|Success connection to: https://auth.split.io/api/auth
2020-06-30 12:56:21.5532|DEBUG|Splitio.Services.SplitFetcher.Classes.SelfRefreshingSplitFetcher|Added features: clients - name1234567890123456789012345678901234567890123456after - clients_on - correct_data_split - config_test_split - diiff_treatment_names_split - no_treatment_split - one_treatment_split - no_rule_split - percentage_less_100_split - sample_feature - front_end_choose_boxes - show_coupon - SplitDemoInstance_ShowMoreInfo_Anonymous - SplitDemoInstance_ShowMoreInfo - SplitDemoInstance_DiscountCoupon - SplitDemoInstance_DiscountCoupon_Anonymous - SplitDemoInstance_SpaPackage_Anonymous - SplitDemoInstance_SpaPackage
2020-06-30 12:56:21.5593|DEBUG|Splitio.Services.SplitFetcher.Classes.SelfRefreshingSplitFetcher|split fetch before: -1, after: 1593108351583
2020-06-30 12:56:21.5593|DEBUG|Splitio.Services.Common.PushManager|Auth service response pushEnabled: False.
2020-06-30 12:56:21.6103|DEBUG|Splitio.Services.EventSource.SSEHandler|SSE Handler Stop: Object reference not set to an instance of an object.
2020-06-30 12:56:21.6161|DEBUG|Splitio.Services.Client.Classes.InMemoryReadinessGatesCache|Segments are ready in 1509 milliseconds
2020-06-30 12:56:21.6510|DEBUG|Splitio.Services.Common.Synchronizer|Spltis and Segments fetchers started...
2020-06-30 12:56:21.6796|DEBUG|Splitio.Services.Client.Classes.InMemoryReadinessGatesCache|Segments are ready in 1509 milliseconds
2020-06-30 12:56:21.6796|DEBUG|Splitio.Services.Client.Classes.InMemoryReadinessGatesCache|Segments are ready in 1509 milliseconds
2020-06-30 12:56:21.6103|DEBUG|Splitio.Services.Client.Classes.InMemoryReadinessGatesCache|Splits are ready in 1507 milliseconds
2020-06-30 12:56:21.7464|DEBUG|Splitio.Services.SplitFetcher.Classes.SelfRefreshingSplitFetcher|split fetch before: 1593108351583, after: 1593108351583
2020-06-30 12:56:21.7665|DEBUG|Splitio.Services.Common.Synchronizer|Spltis and Segments synchronized...
2020-06-30 12:56:21.7933|DEBUG|Splitio.Services.Common.Synchronizer|Spltis and Segments fetchers stoped...
2020-06-30 12:56:21.9402|DEBUG|Splitio.Services.Common.Synchronizer|Periodic Data Recording stoped...
2020-06-30 12:56:21.9402|DEBUG|Splitio.Services.EventSource.SSEHandler|SSE Handler Stop: Object reference not set to an instance of an object.
2020-06-30 12:56:21.9624|DEBUG|Splitio.Services.Common.Synchronizer|Spltis and Segments fetchers started...
2020-06-30 12:56:21.9760|DEBUG|Splitio.Services.Common.Synchronizer|Starting push mode...
2020-06-30 12:56:22.0174|DEBUG|Splitio.Services.Common.Synchronizer|Periodic Data Recording started...
2020-06-30 12:56:22.5361|DEBUG|Splitio.Services.Client.Classes.InMemoryReadinessGatesCache|Segments are ready in 1509 milliseconds
2020-06-30 12:56:22.9961|ERROR|Splitio.Services.Metrics.Classes.MetricsSdkApiClient|Http status executing SendGaugeMetrics: BadRequest - {"code":400,"message":"Unable to process JSON"}
2020-06-30 12:56:23.6297|DEBUG|Splitio.Services.SplitFetcher.Classes.SelfRefreshingSplitFetcher|Added features: clients - name1234567890123456789012345678901234567890123456after - clients_on - correct_data_split - config_test_split - diiff_treatment_names_split - no_treatment_split - one_treatment_split - no_rule_split - percentage_less_100_split - sample_feature - front_end_choose_boxes - show_coupon - SplitDemoInstance_ShowMoreInfo_Anonymous - SplitDemoInstance_ShowMoreInfo - SplitDemoInstance_DiscountCoupon - SplitDemoInstance_DiscountCoupon_Anonymous - SplitDemoInstance_SpaPackage_Anonymous - SplitDemoInstance_SpaPackage
2020-06-30 12:56:23.6427|DEBUG|Splitio.Services.SplitFetcher.Classes.SelfRefreshingSplitFetcher|split fetch before: -1, after: 1593108351583
2020-06-30 12:56:23.6692|DEBUG|Splitio.Services.Client.Classes.InMemoryReadinessGatesCache|Splits are ready in 1517 milliseconds
2020-06-30 12:56:23.6692|DEBUG|Splitio.Services.SplitFetcher.Classes.SelfRefreshingSplitFetcher|split fetch before: 1593108351583, after: 1593108351583
2020-06-30 12:56:23.6895|DEBUG|Splitio.Services.Common.Synchronizer|Spltis and Segments synchronized...
2020-06-30 12:56:23.6692|DEBUG|Splitio.Services.Client.Classes.InMemoryReadinessGatesCache|Segments are ready in 1520 milliseconds
2020-06-30 12:56:23.7072|DEBUG|Splitio.Services.Client.Classes.InMemoryReadinessGatesCache|Segments are ready in 1520 milliseconds
2020-06-30 12:56:23.7072|DEBUG|Splitio.Services.Common.Synchronizer|Spltis and Segments fetchers stoped...
2020-06-30 12:56:23.7406|DEBUG|Splitio.Services.Common.Synchronizer|Periodic Data Recording stoped...
2020-06-30 12:56:23.7406|DEBUG|Splitio.Services.EventSource.SSEHandler|SSE Handler Stop: Object reference not set to an instance of an object.
2020-06-30 12:56:23.7610|DEBUG|Splitio.Services.Client.Classes.InMemoryReadinessGatesCache|Segments are ready in 1520 milliseconds
2020-06-30 12:56:23.7610|DEBUG|Splitio.Services.Common.Synchronizer|Spltis and Segments fetchers started...
